<?xml version="1.0" encoding="UTF-8" ?>
<testsuite errors="0" failures="0" hostname="Davidson" name="com.pdsc.test.LoginUITest" skipped="0" tests="1" time="9.834" timestamp="2024-08-04T20:48:04">
  <properties>
    <property name="libs.jsp-compiler.javadoc" value="" />
    <property name="javac.test.classpath" value="C:\Users\david\Documents\NetBeans_JavaSE_Portable\App\netbeans\enterprise\modules\ext\jsf-2_2\javax.faces.jar:C:\Users\david\Documents\NetBeans_JavaSE_Portable\App\netbeans\enterprise\modules\ext\primefaces\primefaces-5.0.jar:C:\Users\david\Documents\NetBeans_JavaSE_Portable\App\netbeans\java\modules\ext\eclipselink\eclipselink.jar;C:\Users\david\Documents\NetBeans_JavaSE_Portable\App\netbeans\java\modules\ext\eclipselink\javax.persistence_2.1.0.v201304241213.jar;C:\Users\david\Documents\NetBeans_JavaSE_Portable\App\netbeans\java\modules\ext\eclipselink\org.eclipse.persistence.jpa.jpql_2.5.2.v20140319-9ad6abd.jar:conectores/BootsFaces-OSP-default-1.5.0.jar:C:\Users\david\Documents\NetBeans_JavaSE_Portable\App\netbeans\ide\modules\ext\mysql-connector-java-5.1.23-bin.jar:conectores\mysql-connector-j-8.0.33.jar:C:\Users\david\Downloads\hibernate-validator-4.3.0.Final.jar:C:\Users\david\Downloads\jboss-logging-3.1.0.GA.jar:C:\Users\david\Downloads\validation-api-1.1.0.Final.jar:C:\Users\david\Downloads\junit-4.12.jar:C:\Users\david\Downloads\junit-jupiter-api-5.11.0-RC1.jar:C:\Users\david\Downloads\selenium-chrome-driver-2.26.0.jar:C:\Users\david\Downloads\selenium-java-3.141.59.jar:C:\Users\david\Downloads\selenium-server-standalone-3.141.59.jar:C:\Users\david\Downloads\hamcrest-all-1.3.jar:C:\Users\david\Downloads\json-20210307.jar:build/web/WEB-INF/classes" />
    <property name="libs.jsf20.maven-pom" value="" />
    <property name="j2ee.copy.static.files.on.save" value="true" />
    <property name="source.root" value="src" />
    <property name="do.display.browser" value="true" />
    <property name="ant.library.dir" value="C:\Users\david\Downloads\apache-ant-1.10.14\lib" />
    <property name="libs.spring-webmvc4.0.src" value="" />
    <property name="ant.core.lib" value="C:\Users\david\Downloads\apache-ant-1.10.14\lib\ant.jar" />
    <property name="javadoc.windowtitle" value="" />
    <property name="libs.jsp-compilation.javadoc" value="" />
    <property name="user.dir" value="C:\Users\david\Documents\campusresolve" />
    <property name="libs.javaee-api-7.0.src" value="" />
    <property name="java.vm.version" value="25.202-b08" />
    <property name="libs.MySQLDriver.classpath" value="C:\Users\david\Documents\NetBeans_JavaSE_Portable\App\netbeans\ide\modules\ext\mysql-connector-java-5.1.23-bin.jar" />
    <property name="libs.eclipselinkmodelgen.src" value="" />
    <property name="javadoc.notree" value="false" />
    <property name="lib.dir" value="web/WEB-INF/lib" />
    <property name="libs.javaee-web-api-6.0.classpath" value="C:\Users\david\Documents\NetBeans_JavaSE_Portable\App\netbeans\enterprise\modules\ext\javaee-web-api-6.0.jar" />
    <property name="libs.javac-api.src" value="" />
    <property name="javadoc.noindex" value="false" />
    <property name="libs.jpa2-persistence.classpath" value="C:\Users\david\Documents\NetBeans_JavaSE_Portable\App\netbeans\java\modules\ext\hibernate4\hibernate-jpa-2.1-api-1.0.0.Final.jar" />
    <property name="sun.os.patch.level" value="" />
    <property name="do.tmp.war.package" value="true" />
    <property name="java.vm.specification.name" value="Java Virtual Machine Specification" />
    <property name="have.tests" value="true" />
    <property name="libs.hamcrest.classpath" value="C:\Users\david\Documents\NetBeans_JavaSE_Portable\App\netbeans\platform\modules\ext\hamcrest-core-1.3.jar" />
    <property name="j2ee.server.instance" value="tomcat80:home=C:\Users\david\Documents\Apache Tomcat 8.0.27" />
    <property name="libs.javac-api.javadoc" value="" />
    <property name="os.name" value="Windows 10" />
    <property name="libs.beans-binding.classpath" value="C:\Users\david\Documents\NetBeans_JavaSE_Portable\App\netbeans\java\modules\ext\beansbinding-1.2.1.jar" />
    <property name="libs.javaee-endorsed-api-7.0.maven-pom" value="" />
    <property name="ap.proc.none.internal" value="" />
    <property name="libs.restapi.javadoc" value="" />
    <property name="libs.JWSAntTasks.maven-pom" value="" />
    <property name="libs.jstl.classpath" value="C:\Users\david\Documents\NetBeans_JavaSE_Portable\App\netbeans\enterprise\modules\ext\jstl-impl.jar;C:\Users\david\Documents\NetBeans_JavaSE_Portable\App\netbeans\enterprise\modules\ext\jstl-api.jar" />
    <property name="libs.testng.src" value="" />
    <property name="libs.spring-webmvc3.0.src" value="" />
    <property name="libs.restapi.classpath" value="C:\Users\david\Documents\NetBeans_JavaSE_Portable\App\netbeans\enterprise\modules\ext\jaxrs-2.0\javax.ws.rs-api-2.0.jar" />
    <property name="runmain.jvmargs" value="" />
    <property name="java.vendor.url.bug" value="http://bugreport.sun.com/bugreport/" />
    <property name="libs.jaxb.maven-pom" value="" />
    <property name="os.arch" value="amd64" />
    <property name="libs.eclipselink.src" value="" />
    <property name="user.name" value="david" />
    <property name="j2ee.compile.on.save" value="true" />
    <property name="libs.jsf12.javadoc" value="C:\Users\david\Documents\NetBeans_JavaSE_Portable\App\netbeans\enterprise\docs\javaee-doc-api.jar" />
    <property name="libs.spring-webmvc3.0.maven-pom" value="" />
    <property name="libs.swing-layout.maven-pom" value="" />
    <property name="sun.java.command" value="org.apache.tools.ant.taskdefs.optional.junit.JUnitTestRunner com.pdsc.test.LoginUITest skipNonTests=false filtertrace=true haltOnError=false haltOnFailure=false showoutput=true outputtoformatters=true logfailedtests=true threadid=0 logtestlistenerevents=false formatter=org.apache.tools.ant.taskdefs.optional.junit.BriefJUnitResultFormatter formatter=org.apache.tools.ant.taskdefs.optional.junit.XMLJUnitResultFormatter,C:\Users\david\Documents\campusresolve\build\test\results\TEST-com.pdsc.test.LoginUITest.xml crashfile=C:\Users\david\Documents\campusresolve\build\junitvmwatcher4880646194361241869.properties propsfile=C:\Users\david\Documents\campusresolve\build\junit1813394194497845330.properties" />
    <property name="build.classes.dir" value="build/web/WEB-INF/classes" />
    <property name="ap.supported.internal" value="true" />
    <property name="libs.javaee-endorsed-api-7.0.javadoc" value="C:\Users\david\Documents\NetBeans_JavaSE_Portable\App\netbeans\enterprise\docs\javaee-doc-api.jar" />
    <property name="libs.jaxws21.javadoc" value="C:\Users\david\Documents\NetBeans_JavaSE_Portable\App\netbeans\java\docs\jaxws-api-doc.zip" />
    <property name="file.reference.junit-4.12.jar" value="C:\Users\david\Downloads\junit-4.12.jar" />
    <property name="libs.spring-webmvc4.0.javadoc" value="" />
    <property name="build.web.excludes" value="**/*.java,**/*.form" />
    <property name="sun.stdout.encoding" value="cp850" />
    <property name="includes" value="**" />
    <property name="file.reference.json-20210307.jar" value="C:\Users\david\Downloads\json-20210307.jar" />
    <property name="user.country" value="BR" />
    <property name="javadoc.encoding" value="UTF-8" />
    <property name="javac.classpath" value="C:\Users\david\Documents\NetBeans_JavaSE_Portable\App\netbeans\enterprise\modules\ext\jsf-2_2\javax.faces.jar:C:\Users\david\Documents\NetBeans_JavaSE_Portable\App\netbeans\enterprise\modules\ext\primefaces\primefaces-5.0.jar:C:\Users\david\Documents\NetBeans_JavaSE_Portable\App\netbeans\java\modules\ext\eclipselink\eclipselink.jar;C:\Users\david\Documents\NetBeans_JavaSE_Portable\App\netbeans\java\modules\ext\eclipselink\javax.persistence_2.1.0.v201304241213.jar;C:\Users\david\Documents\NetBeans_JavaSE_Portable\App\netbeans\java\modules\ext\eclipselink\org.eclipse.persistence.jpa.jpql_2.5.2.v20140319-9ad6abd.jar:conectores/BootsFaces-OSP-default-1.5.0.jar:C:\Users\david\Documents\NetBeans_JavaSE_Portable\App\netbeans\ide\modules\ext\mysql-connector-java-5.1.23-bin.jar:conectores\mysql-connector-j-8.0.33.jar:C:\Users\david\Downloads\hibernate-validator-4.3.0.Final.jar:C:\Users\david\Downloads\jboss-logging-3.1.0.GA.jar:C:\Users\david\Downloads\validation-api-1.1.0.Final.jar:C:\Users\david\Downloads\junit-4.12.jar:C:\Users\david\Downloads\junit-jupiter-api-5.11.0-RC1.jar:C:\Users\david\Downloads\selenium-chrome-driver-2.26.0.jar:C:\Users\david\Downloads\selenium-java-3.141.59.jar:C:\Users\david\Downloads\selenium-server-standalone-3.141.59.jar:C:\Users\david\Downloads\hamcrest-all-1.3.jar:C:\Users\david\Downloads\json-20210307.jar" />
    <property name="libs.jsp-compilation-syscp.src" value="" />
    <property name="file.reference.junit-jupiter-api-5.11.0-RC1.jar" value="C:\Users\david\Downloads\junit-jupiter-api-5.11.0-RC1.jar" />
    <property name="libs.spring-framework400.classpath" value="C:\Users\david\Documents\NetBeans_JavaSE_Portable\App\netbeans\ide\modules\org-apache-commons-logging.jar;C:\Users\david\Documents\NetBeans_JavaSE_Portable\App\netbeans\java\modules\ext\cglib-2.2.jar;C:\Users\david\Documents\NetBeans_JavaSE_Portable\App\netbeans\java\modules\ext\spring-4\spring-aop-4.0.1.RELEASE.jar;C:\Users\david\Documents\NetBeans_JavaSE_Portable\App\netbeans\java\modules\ext\spring-4\spring-aspects-4.0.1.RELEASE.jar;C:\Users\david\Documents\NetBeans_JavaSE_Portable\App\netbeans\java\modules\ext\spring-4\spring-beans-4.0.1.RELEASE.jar;C:\Users\david\Documents\NetBeans_JavaSE_Portable\App\netbeans\java\modules\ext\spring-4\spring-build-src-4.0.1.RELEASE.jar;C:\Users\david\Documents\NetBeans_JavaSE_Portable\App\netbeans\java\modules\ext\spring-4\spring-context-4.0.1.RELEASE.jar;C:\Users\david\Documents\NetBeans_JavaSE_Portable\App\netbeans\java\modules\ext\spring-4\spring-context-support-4.0.1.RELEASE.jar;C:\Users\david\Documents\NetBeans_JavaSE_Portable\App\netbeans\java\modules\ext\spring-4\spring-core-4.0.1.RELEASE.jar;C:\Users\david\Documents\NetBeans_JavaSE_Portable\App\netbeans\java\modules\ext\spring-4\spring-expression-4.0.1.RELEASE.jar;C:\Users\david\Documents\NetBeans_JavaSE_Portable\App\netbeans\java\modules\ext\spring-4\spring-framework-bom-4.0.1.RELEASE.jar;C:\Users\david\Documents\NetBeans_JavaSE_Portable\App\netbeans\java\modules\ext\spring-4\spring-instrument-4.0.1.RELEASE.jar;C:\Users\david\Documents\NetBeans_JavaSE_Portable\App\netbeans\java\modules\ext\spring-4\spring-instrument-tomcat-4.0.1.RELEASE.jar;C:\Users\david\Documents\NetBeans_JavaSE_Portable\App\netbeans\java\modules\ext\spring-4\spring-jdbc-4.0.1.RELEASE.jar;C:\Users\david\Documents\NetBeans_JavaSE_Portable\App\netbeans\java\modules\ext\spring-4\spring-jms-4.0.1.RELEASE.jar;C:\Users\david\Documents\NetBeans_JavaSE_Portable\App\netbeans\java\modules\ext\spring-4\spring-messaging-4.0.1.RELEASE.jar;C:\Users\david\Documents\NetBeans_JavaSE_Portable\App\netbeans\java\modules\ext\spring-4\spring-orm-4.0.1.RELEASE.jar;C:\Users\david\Documents\NetBeans_JavaSE_Portable\App\netbeans\java\modules\ext\spring-4\spring-oxm-4.0.1.RELEASE.jar;C:\Users\david\Documents\NetBeans_JavaSE_Portable\App\netbeans\java\modules\ext\spring-4\spring-test-4.0.1.RELEASE.jar;C:\Users\david\Documents\NetBeans_JavaSE_Portable\App\netbeans\java\modules\ext\spring-4\spring-tx-4.0.1.RELEASE.jar;C:\Users\david\Documents\NetBeans_JavaSE_Portable\App\netbeans\java\modules\ext\spring-4\spring-web-4.0.1.RELEASE.jar;C:\Users\david\Documents\NetBeans_JavaSE_Portable\App\netbeans\java\modules\ext\spring-4\spring-webmvc-4.0.1.RELEASE.jar;C:\Users\david\Documents\NetBeans_JavaSE_Portable\App\netbeans\java\modules\ext\spring-4\spring-webmvc-portlet-4.0.1.RELEASE.jar;C:\Users\david\Documents\NetBeans_JavaSE_Portable\App\netbeans\java\modules\ext\spring-4\spring-websocket-4.0.1.RELEASE.jar" />
    <property name="do.debug.server" value="true" />
    <property name="debug-transport" value="dt_shmem" />
    <property name="libs.javaee-web-api-6.0.src" value="" />
    <property name="libs.jsp-compilation-syscp.classpath" value="C:\Users\david\Documents\NetBeans_JavaSE_Portable\App\netbeans\extide\ant\lib\ant.jar;C:\Users\david\Documents\NetBeans_JavaSE_Portable\App\netbeans\enterprise\modules\ext\servlet3.1-jsp2.3-api.jar;C:\Users\david\Documents\NetBeans_JavaSE_Portable\App\netbeans\enterprise\modules\ext\glassfish-jspparser-4.0.jar;C:\Users\david\Documents\NetBeans_JavaSE_Portable\App\netbeans\enterprise\modules\ext\jstl-impl.jar;C:\Users\david\Documents\NetBeans_JavaSE_Portable\App\netbeans\enterprise\modules\ext\jsf-2_2\javax.faces.jar" />
    <property name="java.endorsed.dirs" value="C:\Program Files\Java\jdk1.8.0_202\jre\lib\endorsed" />
    <property name="ant.file.CampusResolve" value="C:\Users\david\Documents\campusresolve\build.xml" />
    <property name="java.vm.specification.version" value="1.8" />
    <property name="libs.hibernate4-support.src" value="" />
    <property name="file.reference.hamcrest-all-1.3.jar" value="C:\Users\david\Downloads\hamcrest-all-1.3.jar" />
    <property name="libs.primefaces.classpath" value="C:\Users\david\Documents\NetBeans_JavaSE_Portable\App\netbeans\enterprise\modules\ext\primefaces\primefaces-5.0.jar" />
    <property name="libs.javaee-api-6.0.classpath" value="C:\Users\david\Documents\NetBeans_JavaSE_Portable\App\netbeans\enterprise\modules\ext\javaee-api-6.0.jar" />
    <property name="file.reference.hibernate-validator-4.3.0.Final.jar" value="C:\Users\david\Downloads\hibernate-validator-4.3.0.Final.jar" />
    <property name="libs.jaxws21.src" value="" />
    <property name="do.war.package.with.custom.manifest" value="true" />
    <property name="java.vendor" value="Oracle Corporation" />
    <property name="libs.javaee-api-6.0.javadoc" value="C:\Users\david\Documents\NetBeans_JavaSE_Portable\App\netbeans\enterprise\docs\javaee-doc-api.jar" />
    <property name="javac.debug" value="true" />
    <property name="javadoc.splitindex" value="true" />
    <property name="file.separator" value="\" />
    <property name="libs.junit_4.maven-pom" value="" />
    <property name="resource.dir" value="setup" />
    <property name="javac.test.processorpath" value="C:\Users\david\Documents\NetBeans_JavaSE_Portable\App\netbeans\enterprise\modules\ext\jsf-2_2\javax.faces.jar:C:\Users\david\Documents\NetBeans_JavaSE_Portable\App\netbeans\enterprise\modules\ext\primefaces\primefaces-5.0.jar:C:\Users\david\Documents\NetBeans_JavaSE_Portable\App\netbeans\java\modules\ext\eclipselink\eclipselink.jar;C:\Users\david\Documents\NetBeans_JavaSE_Portable\App\netbeans\java\modules\ext\eclipselink\javax.persistence_2.1.0.v201304241213.jar;C:\Users\david\Documents\NetBeans_JavaSE_Portable\App\netbeans\java\modules\ext\eclipselink\org.eclipse.persistence.jpa.jpql_2.5.2.v20140319-9ad6abd.jar:conectores/BootsFaces-OSP-default-1.5.0.jar:C:\Users\david\Documents\NetBeans_JavaSE_Portable\App\netbeans\ide\modules\ext\mysql-connector-java-5.1.23-bin.jar:conectores\mysql-connector-j-8.0.33.jar:C:\Users\david\Downloads\hibernate-validator-4.3.0.Final.jar:C:\Users\david\Downloads\jboss-logging-3.1.0.GA.jar:C:\Users\david\Downloads\validation-api-1.1.0.Final.jar:C:\Users\david\Downloads\junit-4.12.jar:C:\Users\david\Downloads\junit-jupiter-api-5.11.0-RC1.jar:C:\Users\david\Downloads\selenium-chrome-driver-2.26.0.jar:C:\Users\david\Downloads\selenium-java-3.141.59.jar:C:\Users\david\Downloads\selenium-server-standalone-3.141.59.jar:C:\Users\david\Downloads\hamcrest-all-1.3.jar:C:\Users\david\Downloads\json-20210307.jar:build/web/WEB-INF/classes" />
    <property name="libs.JWSAntTasks.javadoc" value="" />
    <property name="build.generated.sources.dir" value="build/generated-sources" />
    <property name="user.variant" value="" />
    <property name="libs.eclipselinkmodelgen.classpath" value="C:\Users\david\Documents\NetBeans_JavaSE_Portable\App\netbeans\java\modules\ext\eclipselink\org.eclipse.persistence.jpa.modelgen_2.5.2.v20140319-9ad6abd.jar" />
    <property name="libs.javaee-endorsed-api-7.0.src" value="" />
    <property name="sun.java.launcher" value="SUN_STANDARD" />
    <property name="libs.hibernate4-persistencemodelgen.javadoc" value="" />
    <property name="libs.jaxb.javadoc" value="C:\Users\david\Documents\NetBeans_JavaSE_Portable\App\netbeans\ide\docs\jaxb-api-doc.zip" />
    <property name="libs.struts.classpath" value="C:\Users\david\Documents\NetBeans_JavaSE_Portable\App\netbeans\enterprise\modules\ext\struts\antlr-2.7.2.jar;C:\Users\david\Documents\NetBeans_JavaSE_Portable\App\netbeans\enterprise\modules\ext\struts\bsf-2.3.0.jar;C:\Users\david\Documents\NetBeans_JavaSE_Portable\App\netbeans\enterprise\modules\ext\struts\commons-beanutils-1.8.0.jar;C:\Users\david\Documents\NetBeans_JavaSE_Portable\App\netbeans\enterprise\modules\ext\struts\commons-chain-1.2.jar;C:\Users\david\Documents\NetBeans_JavaSE_Portable\App\netbeans\enterprise\modules\ext\struts\commons-digester-1.8.jar;C:\Users\david\Documents\NetBeans_JavaSE_Portable\App\netbeans\enterprise\modules\ext\struts\commons-fileupload-1.1.1.jar;C:\Users\david\Documents\NetBeans_JavaSE_Portable\App\netbeans\enterprise\modules\ext\struts\commons-io-1.1.jar;C:\Users\david\Documents\NetBeans_JavaSE_Portable\App\netbeans\enterprise\modules\ext\struts\commons-logging-1.0.4.jar;C:\Users\david\Documents\NetBeans_JavaSE_Portable\App\netbeans\enterprise\modules\ext\struts\commons-validator-1.3.1.jar;C:\Users\david\Documents\NetBeans_JavaSE_Portable\App\netbeans\enterprise\modules\ext\struts\jstl-1.0.2.jar;C:\Users\david\Documents\NetBeans_JavaSE_Portable\App\netbeans\enterprise\modules\ext\struts\oro-2.0.8.jar;C:\Users\david\Documents\NetBeans_JavaSE_Portable\App\netbeans\enterprise\modules\ext\struts\standard-1.0.6.jar;C:\Users\david\Documents\NetBeans_JavaSE_Portable\App\netbeans\enterprise\modules\ext\struts\struts-core-1.3.10.jar;C:\Users\david\Documents\NetBeans_JavaSE_Portable\App\netbeans\enterprise\modules\ext\struts\struts-el-1.3.10.jar;C:\Users\david\Documents\NetBeans_JavaSE_Portable\App\netbeans\enterprise\modules\ext\struts\struts-extras-1.3.10.jar;C:\Users\david\Documents\NetBeans_JavaSE_Portable\App\netbeans\enterprise\modules\ext\struts\struts-faces-1.3.10.jar;C:\Users\david\Documents\NetBeans_JavaSE_Portable\App\netbeans\enterprise\modules\ext\struts\struts-mailreader-dao-1.3.10.jar;C:\Users\david\Documents\NetBeans_JavaSE_Portable\App\netbeans\enterprise\modules\ext\struts\struts-scripting-1.3.10.jar;C:\Users\david\Documents\NetBeans_JavaSE_Portable\App\netbeans\enterprise\modules\ext\struts\struts-taglib-1.3.10.jar;C:\Users\david\Documents\NetBeans_JavaSE_Portable\App\netbeans\enterprise\modules\ext\struts\struts-tiles-1.3.10.jar" />
    <property name="application.args.param" value="" />
    <property name="ant.home" value="C:\Users\david\Downloads\apache-ant-1.10.14" />
    <property name="libs.junit_4.src" value="C:\Users\david\Documents\NetBeans_JavaSE_Portable\App\netbeans\platform\docs\junit-4.12-sources.jar" />
    <property name="libs.testng.classpath" value="C:\Users\david\Documents\NetBeans_JavaSE_Portable\App\netbeans\platform\modules\ext\testng-6.8.1-dist.jar" />
    <property name="conf.dir" value="src/conf" />
    <property name="webinf.dir" value="web/WEB-INF" />
    <property name="libs.absolutelayout.maven-pom" value="" />
    <property name="ant.java.version" value="1.8" />
    <property name="java.library.path" value="C:\Program Files\Java\jdk1.8.0_202\jre\bin;C:\WINDOWS\Sun\Java\bin;C:\WINDOWS\system32;C:\WINDOWS;C:\Program Files (x86)\Common Files\Oracle\Java\javapath;C:\WINDOWS\system32;C:\WINDOWS;C:\WINDOWS\System32\Wbem;C:\WINDOWS\System32\WindowsPowerShell\v1.0\;C:\WINDOWS\System32\OpenSSH\;C:\Program Files\dotnet\;C:\Users\david\AppData\Roaming\nvm;C:\Program Files\nodejs;C:\Program Files\TortoiseSVN\bin;C:\apache-maven-3.9.5\bin;C:\Program Files\Git\cmd;C:\Users\david\Downloads\apache-ant-1.10.14\bin;C:\Program Files\MySQL\MySQL Shell 8.0\bin\;C:\Users\david\AppData\Local\Microsoft\WindowsApps;C:\Program Files\Java\jdk1.8.0_202\bin;C:\Users\david\AppData\Roaming\nvm;C:\Program Files\nodejs;C:\Users\david\AppData\Local\Programs\Microsoft VS Code\bin;." />
    <property name="javadoc.author" value="false" />
    <property name="libs.metro.maven-pom" value="" />
    <property name="libs.spring-framework400.src" value="" />
    <property name="libs.PostgreSQLDriver.src" value="" />
    <property name="sun.arch.data.model" value="64" />
    <property name="basedir" value="C:\Users\david\Documents\campusresolve" />
    <property name="libs.jpa20-persistence.maven-pom" value="" />
    <property name="jar.compress" value="false" />
    <property name="libs.javaee-web-api-7.0.classpath" value="C:\Users\david\Documents\NetBeans_JavaSE_Portable\App\netbeans\enterprise\modules\ext\javaee-web-api-7.0.jar" />
    <property name="path.separator" value=";" />
    <property name="dist.war" value="dist/CampusResolve.war" />
    <property name="libs.javaee-web-api-6.0.javadoc" value="C:\Users\david\Documents\NetBeans_JavaSE_Portable\App\netbeans\enterprise\docs\javaee-doc-api.jar" />
    <property name="sun.io.unicode.encoding" value="UnicodeLittle" />
    <property name="libs.jaxws21.classpath" value="C:\Users\david\Documents\NetBeans_JavaSE_Portable\App\netbeans\ide\modules\ext\jaxb\jaxb-impl.jar;C:\Users\david\Documents\NetBeans_JavaSE_Portable\App\netbeans\ide\modules\ext\jaxb\jaxb-xjc.jar;C:\Users\david\Documents\NetBeans_JavaSE_Portable\App\netbeans\java\modules\ext\jaxws22\FastInfoset.jar;C:\Users\david\Documents\NetBeans_JavaSE_Portable\App\netbeans\java\modules\ext\jaxws22\gmbal-api-only.jar;C:\Users\david\Documents\NetBeans_JavaSE_Portable\App\netbeans\java\modules\ext\jaxws22\ha-api.jar;C:\Users\david\Documents\NetBeans_JavaSE_Portable\App\netbeans\java\modules\ext\jaxws22\javax.mail_1.4.jar;C:\Users\david\Documents\NetBeans_JavaSE_Portable\App\netbeans\java\modules\ext\jaxws22\jaxws-rt.jar;C:\Users\david\Documents\NetBeans_JavaSE_Portable\App\netbeans\java\modules\ext\jaxws22\jaxws-tools.jar;C:\Users\david\Documents\NetBeans_JavaSE_Portable\App\netbeans\java\modules\ext\jaxws22\management-api.jar;C:\Users\david\Documents\NetBeans_JavaSE_Portable\App\netbeans\java\modules\ext\jaxws22\mimepull.jar;C:\Users\david\Documents\NetBeans_JavaSE_Portable\App\netbeans\java\modules\ext\jaxws22\policy.jar;C:\Users\david\Documents\NetBeans_JavaSE_Portable\App\netbeans\java\modules\ext\jaxws22\saaj-impl.jar;C:\Users\david\Documents\NetBeans_JavaSE_Portable\App\netbeans\java\modules\ext\jaxws22\stax-ex.jar;C:\Users\david\Documents\NetBeans_JavaSE_Portable\App\netbeans\java\modules\ext\jaxws22\stax2-api.jar;C:\Users\david\Documents\NetBeans_JavaSE_Portable\App\netbeans\java\modules\ext\jaxws22\streambuffer.jar;C:\Users\david\Documents\NetBeans_JavaSE_Portable\App\netbeans\java\modules\ext\jaxws22\woodstox-core-asl.jar;C:\Users\david\Documents\NetBeans_JavaSE_Portable\App\netbeans\java\modules\ext\jaxws22\api\jaxws-api.jar;C:\Users\david\Documents\NetBeans_JavaSE_Portable\App\netbeans\java\modules\ext\jaxws22\api\jsr181-api.jar;C:\Users\david\Documents\NetBeans_JavaSE_Portable\App\netbeans\java\modules\ext\jaxws22\api\javax.annotation.jar;C:\Users\david\Documents\NetBeans_JavaSE_Portable\App\netbeans\java\modules\ext\jaxws22\api\saaj-api.jar;C:\Users\david\Documents\NetBeans_JavaSE_Portable\App\netbeans\ide\modules\ext\jaxb\activation.jar;C:\Users\david\Documents\NetBeans_JavaSE_Portable\App\netbeans\ide\modules\ext\jaxb\api\jaxb-api.jar;C:\Users\david\Documents\NetBeans_JavaSE_Portable\App\netbeans\ide\modules\ext\jaxb\api\jsr173_1.0_api.jar" />
    <property name="libs.struts.src" value="" />
    <property name="user.language" value="pt" />
    <property name="j2ee.platform.classpath" value="C:/Users/david/Documents/Apache Tomcat 8.0.27/lib/annotations-api.jar:C:/Users/david/Documents/Apache Tomcat 8.0.27/lib/catalina-ant.jar:C:/Users/david/Documents/Apache Tomcat 8.0.27/lib/catalina-ha.jar:C:/Users/david/Documents/Apache Tomcat 8.0.27/lib/catalina-storeconfig.jar:C:/Users/david/Documents/Apache Tomcat 8.0.27/lib/catalina-tribes.jar:C:/Users/david/Documents/Apache Tomcat 8.0.27/lib/catalina.jar:C:/Users/david/Documents/Apache Tomcat 8.0.27/lib/ecj-4.4.2.jar:C:/Users/david/Documents/Apache Tomcat 8.0.27/lib/el-api.jar:C:/Users/david/Documents/Apache Tomcat 8.0.27/lib/jasper-el.jar:C:/Users/david/Documents/Apache Tomcat 8.0.27/lib/jasper.jar:C:/Users/david/Documents/Apache Tomcat 8.0.27/lib/jsp-api.jar:C:/Users/david/Documents/Apache Tomcat 8.0.27/lib/mysql-connector-java-5.1.23-bin.jar:C:/Users/david/Documents/Apache Tomcat 8.0.27/lib/servlet-api.jar:C:/Users/david/Documents/Apache Tomcat 8.0.27/lib/tomcat-api.jar:C:/Users/david/Documents/Apache Tomcat 8.0.27/lib/tomcat-coyote.jar:C:/Users/david/Documents/Apache Tomcat 8.0.27/lib/tomcat-dbcp.jar:C:/Users/david/Documents/Apache Tomcat 8.0.27/lib/tomcat-i18n-es.jar:C:/Users/david/Documents/Apache Tomcat 8.0.27/lib/tomcat-i18n-fr.jar:C:/Users/david/Documents/Apache Tomcat 8.0.27/lib/tomcat-i18n-ja.jar:C:/Users/david/Documents/Apache Tomcat 8.0.27/lib/tomcat-jdbc.jar:C:/Users/david/Documents/Apache Tomcat 8.0.27/lib/tomcat-jni.jar:C:/Users/david/Documents/Apache Tomcat 8.0.27/lib/tomcat-util-scan.jar:C:/Users/david/Documents/Apache Tomcat 8.0.27/lib/tomcat-util.jar:C:/Users/david/Documents/Apache Tomcat 8.0.27/lib/tomcat-websocket.jar:C:/Users/david/Documents/Apache Tomcat 8.0.27/lib/websocket-api.jar" />
    <property name="testng.mode" value="testng" />
    <property name="libs.JAXB-ENDORSED.maven-pom" value="" />
    <property name="libs.eclipselink.maven-pom" value="" />
    <property name="build.meta.inf.dir" value="build/web/META-INF" />
    <property name="persistence.xml.dir" value="src/conf" />
    <property name="test.binaryincludes" value="&lt;nothing&gt;" />
    <property name="libs.primefaces.javadoc" value="" />
    <property name="libs.spring-framework300.maven-pom" value="" />
    <property name="run.test.classpath" value="C:\Users\david\Documents\NetBeans_JavaSE_Portable\App\netbeans\enterprise\modules\ext\jsf-2_2\javax.faces.jar:C:\Users\david\Documents\NetBeans_JavaSE_Portable\App\netbeans\enterprise\modules\ext\primefaces\primefaces-5.0.jar:C:\Users\david\Documents\NetBeans_JavaSE_Portable\App\netbeans\java\modules\ext\eclipselink\eclipselink.jar;C:\Users\david\Documents\NetBeans_JavaSE_Portable\App\netbeans\java\modules\ext\eclipselink\javax.persistence_2.1.0.v201304241213.jar;C:\Users\david\Documents\NetBeans_JavaSE_Portable\App\netbeans\java\modules\ext\eclipselink\org.eclipse.persistence.jpa.jpql_2.5.2.v20140319-9ad6abd.jar:conectores/BootsFaces-OSP-default-1.5.0.jar:C:\Users\david\Documents\NetBeans_JavaSE_Portable\App\netbeans\ide\modules\ext\mysql-connector-java-5.1.23-bin.jar:conectores\mysql-connector-j-8.0.33.jar:C:\Users\david\Downloads\hibernate-validator-4.3.0.Final.jar:C:\Users\david\Downloads\jboss-logging-3.1.0.GA.jar:C:\Users\david\Downloads\validation-api-1.1.0.Final.jar:C:\Users\david\Downloads\junit-4.12.jar:C:\Users\david\Downloads\junit-jupiter-api-5.11.0-RC1.jar:C:\Users\david\Downloads\selenium-chrome-driver-2.26.0.jar:C:\Users\david\Downloads\selenium-java-3.141.59.jar:C:\Users\david\Downloads\selenium-server-standalone-3.141.59.jar:C:\Users\david\Downloads\hamcrest-all-1.3.jar:C:\Users\david\Downloads\json-20210307.jar:build/web/WEB-INF/classes:build/test/classes" />
    <property name="ant.project.invoked-targets" value="test" />
    <property name="test.binaryexcludes" value="" />
    <property name="libs.swing-layout.javadoc" value="C:\Users\david\Documents\NetBeans_JavaSE_Portable\App\netbeans\platform\docs\swing-layout-1.0.4-doc.zip" />
    <property name="libs.hibernate4-persistence.maven-pom" value="" />
    <property name="jspc.schemas" value="/resources/schemas/" />
    <property name="libs.PostgreSQLDriver.maven-pom" value="" />
    <property name="java.class.version" value="52.0" />
    <property name="libs.hibernate4-persistencemodelgen.maven-pom" value="" />
    <property name="libs.javaee-endorsed-api-6.0.src" value="" />
    <property name="libs.eclipselink.javadoc" value="C:\Users\david\Documents\NetBeans_JavaSE_Portable\App\netbeans\java\modules\ext\docs\javax.persistence-2.1.0-doc.zip" />
    <property name="libs.jsp-compilation.maven-pom" value="" />
    <property name="user.properties.file" value="C:\Users\david\Documents\NetBeans_JavaSE_Portable\Data\NetBeans\nbi\build.properties" />
    <property name="build.web.dir" value="build/web" />
    <property name="libs.javac-api.maven-pom" value="" />
    <property name="libs.javaee-api-5.0.maven-pom" value="" />
    <property name="file.encoding.pkg" value="sun.io" />
    <property name="sun.cpu.endian" value="little" />
    <property name="libs.JAXB-ENDORSED.javadoc" value="" />
    <property name="libs.JWSAntTasks.classpath" value="C:\Users\david\Documents\NetBeans_JavaSE_Portable\App\netbeans\java\ant\extra\org-netbeans-modules-javawebstart-anttasks.jar" />
    <property name="libs.spring-webmvc4.0.maven-pom" value="" />
    <property name="libs.spring-framework300.src" value="" />
    <property name="auxiliary.org-netbeans-modules-projectapi.jsf_2e_language" value="Facelets" />
    <property name="libs.jstl.src" value="" />
    <property name="empty.dir" value="C:\Users\david\Documents\campusresolve\build\empty" />
    <property name="display.browser" value="true" />
    <property name="ant.file.CampusResolve-impl" value="C:\Users\david\Documents\campusresolve\nbproject\build-impl.xml" />
    <property name="version-output" value="java version &quot;1.8" />
    <property name="test.binarytestincludes" value="" />
    <property name="libs.hibernate4-persistencemodelgen.src" value="" />
    <property name="file.reference.BootsFaces-OSP-default-1.5.0.jar" value="conectores/BootsFaces-OSP-default-1.5.0.jar" />
    <property name="javadoc.preview" value="true" />
    <property name="libs.jpa20-persistence.javadoc" value="C:\Users\david\Documents\NetBeans_JavaSE_Portable\App\netbeans\java\modules\ext\docs\javax.persistence-2.1.0-doc.zip" />
    <property name="ant.file.type.CampusResolve" value="file" />
    <property name="java.home" value="C:\Program Files\Java\jdk1.8.0_202\jre" />
    <property name="libs.jsp-compilation.src" value="" />
    <property name="debug.test.classpath" value="C:\Users\david\Documents\NetBeans_JavaSE_Portable\App\netbeans\enterprise\modules\ext\jsf-2_2\javax.faces.jar:C:\Users\david\Documents\NetBeans_JavaSE_Portable\App\netbeans\enterprise\modules\ext\primefaces\primefaces-5.0.jar:C:\Users\david\Documents\NetBeans_JavaSE_Portable\App\netbeans\java\modules\ext\eclipselink\eclipselink.jar;C:\Users\david\Documents\NetBeans_JavaSE_Portable\App\netbeans\java\modules\ext\eclipselink\javax.persistence_2.1.0.v201304241213.jar;C:\Users\david\Documents\NetBeans_JavaSE_Portable\App\netbeans\java\modules\ext\eclipselink\org.eclipse.persistence.jpa.jpql_2.5.2.v20140319-9ad6abd.jar:conectores/BootsFaces-OSP-default-1.5.0.jar:C:\Users\david\Documents\NetBeans_JavaSE_Portable\App\netbeans\ide\modules\ext\mysql-connector-java-5.1.23-bin.jar:conectores\mysql-connector-j-8.0.33.jar:C:\Users\david\Downloads\hibernate-validator-4.3.0.Final.jar:C:\Users\david\Downloads\jboss-logging-3.1.0.GA.jar:C:\Users\david\Downloads\validation-api-1.1.0.Final.jar:C:\Users\david\Downloads\junit-4.12.jar:C:\Users\david\Downloads\junit-jupiter-api-5.11.0-RC1.jar:C:\Users\david\Downloads\selenium-chrome-driver-2.26.0.jar:C:\Users\david\Downloads\selenium-java-3.141.59.jar:C:\Users\david\Downloads\selenium-server-standalone-3.141.59.jar:C:\Users\david\Downloads\hamcrest-all-1.3.jar:C:\Users\david\Downloads\json-20210307.jar:build/web/WEB-INF/classes:build/test/classes" />
    <property name="libs.javaee-endorsed-api-6.0.classpath" value="C:\Users\david\Documents\NetBeans_JavaSE_Portable\App\netbeans\enterprise\modules\ext\javaee6-endorsed\javax.annotation.jar;C:\Users\david\Documents\NetBeans_JavaSE_Portable\App\netbeans\enterprise\modules\ext\javaee6-endorsed\jaxb-api-osgi.jar;C:\Users\david\Documents\NetBeans_JavaSE_Portable\App\netbeans\enterprise\modules\ext\javaee6-endorsed\webservices-api-osgi.jar" />
    <property name="libs.javaee-api-6.0.src" value="" />
    <property name="ant.project.default-target" value="default" />
    <property name="annotation.processing.run.all.processors" value="true" />
    <property name="libs.PostgreSQLDriver.javadoc" value="" />
    <property name="libs.restlib.classpath" value="C:\Users\david\Documents\NetBeans_JavaSE_Portable\App\netbeans\enterprise\modules\ext\jersey2\ext\asm-all-repackaged-2.2.0-b21.jar;C:\Users\david\Documents\NetBeans_JavaSE_Portable\App\netbeans\enterprise\modules\ext\jersey2\ext\cglib-2.2.0-b21.jar;C:\Users\david\Documents\NetBeans_JavaSE_Portable\App\netbeans\enterprise\modules\ext\jersey2\ext\guava-14.0.1.jar;C:\Users\david\Documents\NetBeans_JavaSE_Portable\App\netbeans\enterprise\modules\ext\jersey2\ext\hk2-api-2.2.0-b21.jar;C:\Users\david\Documents\NetBeans_JavaSE_Portable\App\netbeans\enterprise\modules\ext\jersey2\ext\hk2-locator-2.2.0-b21.jar;C:\Users\david\Documents\NetBeans_JavaSE_Portable\App\netbeans\enterprise\modules\ext\jersey2\ext\hk2-utils-2.2.0-b21.jar;C:\Users\david\Documents\NetBeans_JavaSE_Portable\App\netbeans\enterprise\modules\ext\jersey2\ext\javax.annotation-api-1.2.jar;C:\Users\david\Documents\NetBeans_JavaSE_Portable\App\netbeans\enterprise\modules\ext\jersey2\ext\javax.inject-2.2.0-b21.jar;C:\Users\david\Documents\NetBeans_JavaSE_Portable\App\netbeans\enterprise\modules\ext\jersey2\ext\javax.servlet-api-3.0.1.jar;C:\Users\david\Documents\NetBeans_JavaSE_Portable\App\netbeans\enterprise\modules\ext\jersey2\ext\jaxb-api-2.2.7.jar;C:\Users\david\Documents\NetBeans_JavaSE_Portable\App\netbeans\enterprise\modules\ext\jersey2\ext\jersey-entity-filtering-2.5.1.jar;C:\Users\david\Documents\NetBeans_JavaSE_Portable\App\netbeans\enterprise\modules\ext\jersey2\ext\jersey-media-moxy-2.5.1.jar;C:\Users\david\Documents\NetBeans_JavaSE_Portable\App\netbeans\enterprise\modules\ext\jersey2\ext\org.osgi.core-4.2.0.jar;C:\Users\david\Documents\NetBeans_JavaSE_Portable\App\netbeans\enterprise\modules\ext\jersey2\ext\osgi-resource-locator-1.0.1.jar;C:\Users\david\Documents\NetBeans_JavaSE_Portable\App\netbeans\enterprise\modules\ext\jersey2\ext\persistence-api-1.0.jar;C:\Users\david\Documents\NetBeans_JavaSE_Portable\App\netbeans\enterprise\modules\ext\jersey2\ext\validation-api-1.1.0.Final.jar;C:\Users\david\Documents\NetBeans_JavaSE_Portable\App\netbeans\enterprise\modules\ext\jersey2\jersey-client.jar;C:\Users\david\Documents\NetBeans_JavaSE_Portable\App\netbeans\enterprise\modules\ext\jersey2\jersey-common.jar;C:\Users\david\Documents\NetBeans_JavaSE_Portable\App\netbeans\enterprise\modules\ext\jersey2\jersey-container-servlet.jar;C:\Users\david\Documents\NetBeans_JavaSE_Portable\App\netbeans\enterprise\modules\ext\jersey2\jersey-container-servlet-core.jar;C:\Users\david\Documents\NetBeans_JavaSE_Portable\App\netbeans\enterprise\modules\ext\jersey2\jersey-server.jar;C:\Users\david\Documents\NetBeans_JavaSE_Portable\App\netbeans\java\modules\ext\eclipselink\eclipselink.jar" />
    <property name="libs.MySQLDriver.maven-pom" value="" />
    <property name="libs.hibernate4-persistence.javadoc" value="C:\Users\david\Documents\NetBeans_JavaSE_Portable\App\netbeans\java\modules\ext\docs\javax.persistence-2.1.0-doc.zip" />
    <property name="libs.junit_4.javadoc" value="C:\Users\david\Documents\NetBeans_JavaSE_Portable\App\netbeans\platform\docs\junit-4.12-javadoc.jar" />
    <property name="libs.javaee-web-api-6.0.maven-pom" value="" />
    <property name="j2ee.deploy.on.save" value="true" />
    <property name="libs.javaee-endorsed-api-6.0.javadoc" value="C:\Users\david\Documents\NetBeans_JavaSE_Portable\App\netbeans\enterprise\docs\javaee-doc-api.jar" />
    <property name="libs.javaee-api-7.0.classpath" value="C:\Users\david\Documents\NetBeans_JavaSE_Portable\App\netbeans\enterprise\modules\ext\javaee-api-7.0.jar" />
    <property name="libs.spring-webmvc3.0.javadoc" value="" />
    <property name="libs.jpa2-persistence.maven-pom" value="" />
    <property name="annotation.processing.enabled.in.editor" value="true" />
    <property name="libs.hibernate4-support.classpath" value="C:\Users\david\Documents\NetBeans_JavaSE_Portable\App\netbeans\java\modules\ext\hibernate4\antlr-2.7.7.jar;C:\Users\david\Documents\NetBeans_JavaSE_Portable\App\netbeans\java\modules\ext\hibernate4\c3p0-0.9.2.1.jar;C:\Users\david\Documents\NetBeans_JavaSE_Portable\App\netbeans\java\modules\ext\hibernate4\hibernate-c3p0-4.3.1.Final.jar;C:\Users\david\Documents\NetBeans_JavaSE_Portable\App\netbeans\java\modules\ext\hibernate4\mchange-commons-java-0.2.3.4.jar;C:\Users\david\Documents\NetBeans_JavaSE_Portable\App\netbeans\java\modules\ext\hibernate4\dom4j-1.6.1.jar;C:\Users\david\Documents\NetBeans_JavaSE_Portable\App\netbeans\java\modules\ext\hibernate4\ehcache-core-2.4.3.jar;C:\Users\david\Documents\NetBeans_JavaSE_Portable\App\netbeans\java\modules\ext\hibernate4\hibernate-ehcache-4.3.1.Final.jar;C:\Users\david\Documents\NetBeans_JavaSE_Portable\App\netbeans\java\modules\ext\hibernate4\hibernate-core-4.3.1.Final.jar;C:\Users\david\Documents\NetBeans_JavaSE_Portable\App\netbeans\java\modules\ext\hibernate4\jboss-logging-3.1.3.GA.jar;C:\Users\david\Documents\NetBeans_JavaSE_Portable\App\netbeans\java\modules\ext\hibernate4\hibernate-commons-annotations-4.0.4.Final.jar;C:\Users\david\Documents\NetBeans_JavaSE_Portable\App\netbeans\java\modules\ext\hibernate4\hibernate-entitymanager-4.3.1.Final.jar;C:\Users\david\Documents\NetBeans_JavaSE_Portable\App\netbeans\java\modules\ext\hibernate4\javassist-3.18.1-GA.jar;C:\Users\david\Documents\NetBeans_JavaSE_Portable\App\netbeans\java\modules\ext\hibernate4\jboss-transaction-api_1.2_spec-1.0.0.Final.jar;C:\Users\david\Documents\NetBeans_JavaSE_Portable\App\netbeans\java\modules\ext\hibernate4\slf4j-api-1.6.1.jar;C:\Users\david\Documents\NetBeans_JavaSE_Portable\App\netbeans\java\modules\ext\hibernate4\slf4j-simple-1.6.1.jar" />
    <property name="file.reference.selenium-server-standalone-3.141.59.jar" value="C:\Users\david\Downloads\selenium-server-standalone-3.141.59.jar" />
    <property name="libs.restapi.src" value="" />
    <property name="sun.management.compiler" value="HotSpot 64-Bit Tiered Compilers" />
    <property name="javac.deprecation" value="false" />
    <property name="javadoc.use" value="true" />
    <property name="client.urlPart" value="" />
    <property name="libs.jsp-compiler.classpath" value="C:\Users\david\Documents\NetBeans_JavaSE_Portable\App\netbeans\enterprise\ant\extra\jspcompile.jar" />
    <property name="dist.ear.war" value="dist/CampusResolve.war" />
    <property name="javac.processorpath" value="C:\Users\david\Documents\NetBeans_JavaSE_Portable\App\netbeans\enterprise\modules\ext\jsf-2_2\javax.faces.jar:C:\Users\david\Documents\NetBeans_JavaSE_Portable\App\netbeans\enterprise\modules\ext\primefaces\primefaces-5.0.jar:C:\Users\david\Documents\NetBeans_JavaSE_Portable\App\netbeans\java\modules\ext\eclipselink\eclipselink.jar;C:\Users\david\Documents\NetBeans_JavaSE_Portable\App\netbeans\java\modules\ext\eclipselink\javax.persistence_2.1.0.v201304241213.jar;C:\Users\david\Documents\NetBeans_JavaSE_Portable\App\netbeans\java\modules\ext\eclipselink\org.eclipse.persistence.jpa.jpql_2.5.2.v20140319-9ad6abd.jar:conectores/BootsFaces-OSP-default-1.5.0.jar:C:\Users\david\Documents\NetBeans_JavaSE_Portable\App\netbeans\ide\modules\ext\mysql-connector-java-5.1.23-bin.jar:conectores\mysql-connector-j-8.0.33.jar:C:\Users\david\Downloads\hibernate-validator-4.3.0.Final.jar:C:\Users\david\Downloads\jboss-logging-3.1.0.GA.jar:C:\Users\david\Downloads\validation-api-1.1.0.Final.jar:C:\Users\david\Downloads\junit-4.12.jar:C:\Users\david\Downloads\junit-jupiter-api-5.11.0-RC1.jar:C:\Users\david\Downloads\selenium-chrome-driver-2.26.0.jar:C:\Users\david\Downloads\selenium-java-3.141.59.jar:C:\Users\david\Downloads\selenium-server-standalone-3.141.59.jar:C:\Users\david\Downloads\hamcrest-all-1.3.jar:C:\Users\david\Downloads\json-20210307.jar:C:\Users\david\Documents\NetBeans_JavaSE_Portable\App\netbeans\java\modules\ext\eclipselink\org.eclipse.persistence.jpa.modelgen_2.5.2.v20140319-9ad6abd.jar" />
    <property name="libs.hamcrest.maven-pom" value="" />
    <property name="ant.file.type.CampusResolve-impl" value="file" />
    <property name="javac.compilerargs" value="" />
    <property name="ant.file" value="C:\Users\david\Documents\campusresolve\build.xml" />
    <property name="libs.beans-binding.maven-pom" value="" />
    <property name="libs.hibernate4-support.javadoc" value="C:\Users\david\Documents\NetBeans_JavaSE_Portable\App\netbeans\java\modules\ext\docs\javax.persistence-2.1.0-doc.zip" />
    <property name="libs.jsf12.classpath" value="C:\Users\david\Documents\NetBeans_JavaSE_Portable\App\netbeans\enterprise\modules\ext\jsf-1_2\commons-beanutils.jar;C:\Users\david\Documents\NetBeans_JavaSE_Portable\App\netbeans\enterprise\modules\ext\jsf-1_2\commons-collections.jar;C:\Users\david\Documents\NetBeans_JavaSE_Portable\App\netbeans\enterprise\modules\ext\jsf-1_2\commons-digester.jar;C:\Users\david\Documents\NetBeans_JavaSE_Portable\App\netbeans\enterprise\modules\ext\jsf-1_2\commons-logging.jar;C:\Users\david\Documents\NetBeans_JavaSE_Portable\App\netbeans\enterprise\modules\ext\jsf-1_2\jsf-api.jar;C:\Users\david\Documents\NetBeans_JavaSE_Portable\App\netbeans\enterprise\modules\ext\jsf-1_2\jsf-impl.jar" />
    <property name="has.custom.manifest" value="true" />
    <property name="libs.jstl.maven-pom" value="" />
    <property name="libs.javaee-api-5.0.src" value="" />
    <property name="libs.restapi.maven-pom" value="" />
    <property name="libs.beans-binding.src" value="" />
    <property name="java.vm.specification.vendor" value="Oracle Corporation" />
    <property name="libs.swing-layout.src" value="C:\Users\david\Documents\NetBeans_JavaSE_Portable\App\netbeans\platform\docs\swing-layout-1.0.4-src.zip" />
    <property name="do.display.browser.debug.old" value="true" />
    <property name="java.vm.name" value="Java HotSpot(TM) 64-Bit Server VM" />
    <property name="file.reference.jboss-logging-3.1.0.GA.jar" value="C:\Users\david\Downloads\jboss-logging-3.1.0.GA.jar" />
    <property name="javadoc.additionalparam" value="" />
    <property name="java.io.tmpdir" value="C:\Users\david\AppData\Local\Temp\" />
    <property name="java.vendor.url" value="http://java.oracle.com/" />
    <property name="endorsed.classpath.cmd.line.arg" value="-Xbootclasspath/p:&apos;C:\Users\david\Documents\NetBeans_JavaSE_Portable\App\netbeans\enterprise\modules\ext\javaee7-endorsed\javax.annotation-api.jar;C:\Users\david\Documents\NetBeans_JavaSE_Portable\App\netbeans\enterprise\modules\ext\javaee7-endorsed\javax.xml.soap-api.jar;C:\Users\david\Documents\NetBeans_JavaSE_Portable\App\netbeans\enterprise\modules\ext\javaee7-endorsed\jaxb-api-osgi.jar;C:\Users\david\Documents\NetBeans_JavaSE_Portable\App\netbeans\enterprise\modules\ext\javaee7-endorsed\jaxws-api.jar;C:\Users\david\Documents\NetBeans_JavaSE_Portable\App\netbeans\enterprise\modules\ext\javaee7-endorsed\jsr181-api.jar&apos;" />
    <property name="junit.available" value="true" />
    <property name="compile.jsps" value="false" />
    <property name="libs.javaee-api-5.0.javadoc" value="" />
    <property name="libs.jsp-compiler.src" value="" />
    <property name="deploy.ant.properties.file" value="C:\Users\david\Documents\NetBeans_JavaSE_Portable\Data\NetBeans\nbi\tomcat80.properties" />
    <property name="sun.boot.library.path" value="C:\Program Files\Java\jdk1.8.0_202\jre\bin" />
    <property name="have.sources" value="true" />
    <property name="libs.hamcrest.javadoc" value="" />
    <property name="debug.classpath" value="build/web/WEB-INF/classes:C:\Users\david\Documents\NetBeans_JavaSE_Portable\App\netbeans\enterprise\modules\ext\jsf-2_2\javax.faces.jar:C:\Users\david\Documents\NetBeans_JavaSE_Portable\App\netbeans\enterprise\modules\ext\primefaces\primefaces-5.0.jar:C:\Users\david\Documents\NetBeans_JavaSE_Portable\App\netbeans\java\modules\ext\eclipselink\eclipselink.jar;C:\Users\david\Documents\NetBeans_JavaSE_Portable\App\netbeans\java\modules\ext\eclipselink\javax.persistence_2.1.0.v201304241213.jar;C:\Users\david\Documents\NetBeans_JavaSE_Portable\App\netbeans\java\modules\ext\eclipselink\org.eclipse.persistence.jpa.jpql_2.5.2.v20140319-9ad6abd.jar:conectores/BootsFaces-OSP-default-1.5.0.jar:C:\Users\david\Documents\NetBeans_JavaSE_Portable\App\netbeans\ide\modules\ext\mysql-connector-java-5.1.23-bin.jar:conectores\mysql-connector-j-8.0.33.jar:C:\Users\david\Downloads\hibernate-validator-4.3.0.Final.jar:C:\Users\david\Downloads\jboss-logging-3.1.0.GA.jar:C:\Users\david\Downloads\validation-api-1.1.0.Final.jar:C:\Users\david\Downloads\junit-4.12.jar:C:\Users\david\Downloads\junit-jupiter-api-5.11.0-RC1.jar:C:\Users\david\Downloads\selenium-chrome-driver-2.26.0.jar:C:\Users\david\Downloads\selenium-java-3.141.59.jar:C:\Users\david\Downloads\selenium-server-standalone-3.141.59.jar:C:\Users\david\Downloads\hamcrest-all-1.3.jar:C:\Users\david\Downloads\json-20210307.jar" />
    <property name="war.name" value="CampusResolve.war" />
    <property name="javadoc.private" value="false" />
    <property name="test.src.dir" value="test" />
    <property name="libs.jsf20.classpath" value="C:\Users\david\Documents\NetBeans_JavaSE_Portable\App\netbeans\enterprise\modules\ext\jsf-2_2\javax.faces.jar" />
    <property name="ap.processors.internal" value="" />
    <property name="javadoc.encoding.used" value="UTF-8" />
    <property name="libs.spring-framework400.maven-pom" value="" />
    <property name="java.runtime.name" value="Java(TM) SE Runtime Environment" />
    <property name="ant.project.name" value="CampusResolve" />
    <property name="file.reference.validation-api-1.1.0.Final.jar" value="C:\Users\david\Downloads\validation-api-1.1.0.Final.jar" />
    <property name="file.reference.selenium-chrome-driver-2.26.0.jar" value="C:\Users\david\Downloads\selenium-chrome-driver-2.26.0.jar" />
    <property name="libs.jsp-compilation-syscp.maven-pom" value="" />
    <property name="sun.cpu.isalist" value="amd64" />
    <property name="sun.stderr.encoding" value="cp850" />
    <property name="libs.spring-framework400.javadoc" value="" />
    <property name="libs.CopyLibs.javadoc" value="" />
    <property name="j2ee.server.home" value="C:/Users/david/Documents/Apache Tomcat 8.0.27" />
    <property name="user.home" value="C:\Users\david" />
    <property name="annotation.processing.processors.list" value="" />
    <property name="libs.primefaces.maven-pom" value="" />
    <property name="debug-args-line" value="-Xdebug" />
    <property name="libs.javaee-api-6.0.maven-pom" value="" />
    <property name="libs.JWSAntTasks.src" value="" />
    <property name="libs.CopyLibs.maven-pom" value="" />
    <property name="libs.spring-framework300.javadoc" value="" />
    <property name="libs.absolutelayout.javadoc" value="" />
    <property name="java.specification.name" value="Java Platform API Specification" />
    <property name="no.dist.ear.dir" value="true" />
    <property name="java.specification.vendor" value="Oracle Corporation" />
    <property name="libs.javac-api.classpath" value="C:\Users\david\Documents\NetBeans_JavaSE_Portable\App\netbeans\java\modules\ext\nb-javac-api.jar" />
    <property name="java.version" value="1.8.0_202" />
    <property name="run.jvmargs.ide" value="" />
    <property name="javadoc.version" value="false" />
    <property name="libs.MySQLDriver.javadoc" value="" />
    <property name="source.encoding" value="UTF-8" />
    <property name="ap.cmd.line.internal" value="" />
    <property name="file.reference.mysql-connector-j-8.0.33.jar" value="conectores\mysql-connector-j-8.0.33.jar" />
    <property name="libs.eclipselinkmodelgen.maven-pom" value="" />
    <property name="libs.jsp-compilation-syscp.javadoc" value="" />
    <property name="libs.eclipselinkmodelgen.javadoc" value="" />
    <property name="libs.javaee-endorsed-api-7.0.classpath" value="C:\Users\david\Documents\NetBeans_JavaSE_Portable\App\netbeans\enterprise\modules\ext\javaee7-endorsed\javax.annotation-api.jar;C:\Users\david\Documents\NetBeans_JavaSE_Portable\App\netbeans\enterprise\modules\ext\javaee7-endorsed\javax.xml.soap-api.jar;C:\Users\david\Documents\NetBeans_JavaSE_Portable\App\netbeans\enterprise\modules\ext\javaee7-endorsed\jaxb-api-osgi.jar;C:\Users\david\Documents\NetBeans_JavaSE_Portable\App\netbeans\enterprise\modules\ext\javaee7-endorsed\jaxws-api.jar;C:\Users\david\Documents\NetBeans_JavaSE_Portable\App\netbeans\enterprise\modules\ext\javaee7-endorsed\jsr181-api.jar" />
    <property name="file.reference.selenium-java-3.141.59.jar" value="C:\Users\david\Downloads\selenium-java-3.141.59.jar" />
    <property name="libs.metro.javadoc" value="C:\Users\david\Documents\NetBeans_JavaSE_Portable\App\netbeans\enterprise\docs\metro-1.4-doc.zip" />
    <property name="libs.struts.maven-pom" value="" />
    <property name="annotation.processing.processor.options" value="-Aeclipselink.canonicalmodel.use_static_factory=false" />
    <property name="libs.testng.maven-pom" value="" />
    <property name="libs.jaxb.src" value="" />
    <property name="libs.jaxb.classpath" value="C:\Users\david\Documents\NetBeans_JavaSE_Portable\App\netbeans\ide\modules\ext\jaxb\jaxb-impl.jar;C:\Users\david\Documents\NetBeans_JavaSE_Portable\App\netbeans\ide\modules\ext\jaxb\jaxb-xjc.jar;C:\Users\david\Documents\NetBeans_JavaSE_Portable\App\netbeans\ide\modules\ext\jaxb\jaxb1-impl.jar;C:\Users\david\Documents\NetBeans_JavaSE_Portable\App\netbeans\ide\modules\ext\jaxb\activation.jar;C:\Users\david\Documents\NetBeans_JavaSE_Portable\App\netbeans\ide\modules\ext\jaxb\api\jaxb-api.jar;C:\Users\david\Documents\NetBeans_JavaSE_Portable\App\netbeans\ide\modules\ext\jaxb\api\jsr173_1.0_api.jar" />
    <property name="dist.javadoc.dir" value="dist/javadoc" />
    <property name="has.persistence.xml" value="true" />
    <property name="libs.swing-layout.classpath" value="C:\Users\david\Documents\NetBeans_JavaSE_Portable\App\netbeans\platform\modules\ext\swing-layout-1.0.4.jar" />
    <property name="libs.spring-webmvc3.0.classpath" value="C:\Users\david\Documents\NetBeans_JavaSE_Portable\App\netbeans\java\modules\ext\spring-3.0\spring-webmvc-3.2.7.RELEASE.jar" />
    <property name="libs.javaee-web-api-7.0.maven-pom" value="" />
    <property name="jspc.dtds" value="/resources/dtds/" />
    <property name="libs.restlib.src" value="" />
    <property name="build.generated.dir" value="build/generated" />
    <property name="javac.source" value="1.8" />
    <property name="line.separator" value="&#xd;&#xa;" />
    <property name="java.specification.version" value="1.8" />
    <property name="libs.jaxws21.maven-pom" value="" />
    <property name="java.vm.info" value="mixed mode" />
    <property name="nb.junit.batch" value="true" />
    <property name="sun.boot.class.path" value="C:\Users\david\Documents\NetBeans_JavaSE_Portable\App\netbeans\enterprise\modules\ext\javaee7-endorsed\javax.annotation-api.jar;C:\Users\david\Documents\NetBeans_JavaSE_Portable\App\netbeans\enterprise\modules\ext\javaee7-endorsed\javax.xml.soap-api.jar;C:\Users\david\Documents\NetBeans_JavaSE_Portable\App\netbeans\enterprise\modules\ext\javaee7-endorsed\jaxb-api-osgi.jar;C:\Users\david\Documents\NetBeans_JavaSE_Portable\App\netbeans\enterprise\modules\ext\javaee7-endorsed\jaxws-api.jar;C:\Users\david\Documents\NetBeans_JavaSE_Portable\App\netbeans\enterprise\modules\ext\javaee7-endorsed\jsr181-api.jar;C:\Program Files\Java\jdk1.8.0_202\jre\lib\resources.jar;C:\Program Files\Java\jdk1.8.0_202\jre\lib\rt.jar;C:\Program Files\Java\jdk1.8.0_202\jre\lib\sunrsasign.jar;C:\Program Files\Java\jdk1.8.0_202\jre\lib\jsse.jar;C:\Program Files\Java\jdk1.8.0_202\jre\lib\jce.jar;C:\Program Files\Java\jdk1.8.0_202\jre\lib\charsets.jar;C:\Program Files\Java\jdk1.8.0_202\jre\lib\jfr.jar;C:\Program Files\Java\jdk1.8.0_202\jre\classes" />
    <property name="javac.target" value="1.8" />
    <property name="build.test.classes.dir" value="build/test/classes" />
    <property name="src.dir" value="src/java" />
    <property name="libs.jpa2-persistence.src" value="" />
    <property name="annotation.processing.enabled" value="true" />
    <property name="libs.jsf20.src" value="" />
    <property name="libs.jpa20-persistence.src" value="" />
    <property name="libs.jsf12.src" value="" />
    <property name="j2ee.platform" value="1.7-web" />
    <property name="libs.struts.javadoc" value="C:\Users\david\Documents\NetBeans_JavaSE_Portable\App\netbeans\enterprise\docs\struts-1.3.10-javadoc.zip" />
    <property name="libs.javaee-web-api-7.0.src" value="" />
    <property name="web.docbase.dir" value="web" />
    <property name="libs.primefaces.src" value="" />
    <property name="dist.dir" value="dist" />
    <property name="testng.debug.mode" value="" />
    <property name="javac.fork" value="false" />
    <property name="java.awt.printerjob" value="sun.awt.windows.WPrinterJob" />
    <property name="default.javac.source" value="1.8" />
    <property name="debug-transport-by-os" value="dt_shmem" />
    <property name="sun.jnu.encoding" value="Cp1252" />
    <property name="libs.MySQLDriver.src" value="" />
    <property name="build.test.results.dir" value="build/test/results" />
    <property name="java.runtime.version" value="1.8.0_202-b08" />
    <property name="do.tmp.war.package.with.custom.manifest" value="true" />
    <property name="default.javac.target" value="1.8" />
    <property name="libs.junit_4.classpath" value="C:\Users\david\Documents\NetBeans_JavaSE_Portable\App\netbeans\platform\modules\ext\junit-4.12.jar" />
    <property name="user.timezone" value="" />
    <property name="nb.junit.single" value="false" />
    <property name="libs.javaee-endorsed-api-6.0.maven-pom" value="" />
    <property name="libs.jstl.javadoc" value="C:\Users\david\Documents\NetBeans_JavaSE_Portable\App\netbeans\enterprise\docs\javaee-doc-api.jar" />
    <property name="libs.jsf20.javadoc" value="C:\Users\david\Documents\NetBeans_JavaSE_Portable\App\netbeans\enterprise\docs\javaee-doc-api.jar" />
    <property name="java.ext.dirs" value="C:\Program Files\Java\jdk1.8.0_202\jre\lib\ext;C:\WINDOWS\Sun\Java\lib\ext" />
    <property name="libs.metro.src" value="" />
    <property name="endorsed.classpath" value="C:\Users\david\Documents\NetBeans_JavaSE_Portable\App\netbeans\enterprise\modules\ext\javaee7-endorsed\javax.annotation-api.jar;C:\Users\david\Documents\NetBeans_JavaSE_Portable\App\netbeans\enterprise\modules\ext\javaee7-endorsed\javax.xml.soap-api.jar;C:\Users\david\Documents\NetBeans_JavaSE_Portable\App\netbeans\enterprise\modules\ext\javaee7-endorsed\jaxb-api-osgi.jar;C:\Users\david\Documents\NetBeans_JavaSE_Portable\App\netbeans\enterprise\modules\ext\javaee7-endorsed\jaxws-api.jar;C:\Users\david\Documents\NetBeans_JavaSE_Portable\App\netbeans\enterprise\modules\ext\javaee7-endorsed\jsr181-api.jar" />
    <property name="libs.absolutelayout.classpath" value="C:\Users\david\Documents\NetBeans_JavaSE_Portable\App\netbeans\java\modules\ext\AbsoluteLayout.jar" />
    <property name="excludes" value="" />
    <property name="libs.metro.classpath" value="C:\Users\david\Documents\NetBeans_JavaSE_Portable\App\netbeans\ide\modules\ext\jaxb\activation.jar;C:\Users\david\Documents\NetBeans_JavaSE_Portable\App\netbeans\enterprise\modules\ext\metro\webservices-api.jar;C:\Users\david\Documents\NetBeans_JavaSE_Portable\App\netbeans\enterprise\modules\ext\metro\webservices-extra-api.jar;C:\Users\david\Documents\NetBeans_JavaSE_Portable\App\netbeans\enterprise\modules\ext\metro\webservices-extra.jar;C:\Users\david\Documents\NetBeans_JavaSE_Portable\App\netbeans\enterprise\modules\ext\metro\webservices-rt.jar;C:\Users\david\Documents\NetBeans_JavaSE_Portable\App\netbeans\enterprise\modules\ext\metro\webservices-tools.jar" />
    <property name="libs.restlib.maven-pom" value="" />
    <property name="libs.jpa2-persistence.javadoc" value="C:\Users\david\Documents\NetBeans_JavaSE_Portable\App\netbeans\java\modules\ext\docs\javax.persistence-2.1.0-doc.zip" />
    <property name="java.class.path" value="C:\Users\david\Documents\NetBeans_JavaSE_Portable\App\netbeans\enterprise\modules\ext\jsf-2_2\javax.faces.jar;C:\Users\david\Documents\NetBeans_JavaSE_Portable\App\netbeans\enterprise\modules\ext\primefaces\primefaces-5.0.jar;C:\Users\david\Documents\NetBeans_JavaSE_Portable\App\netbeans\java\modules\ext\eclipselink\eclipselink.jar;C:\Users\david\Documents\NetBeans_JavaSE_Portable\App\netbeans\java\modules\ext\eclipselink\javax.persistence_2.1.0.v201304241213.jar;C:\Users\david\Documents\NetBeans_JavaSE_Portable\App\netbeans\java\modules\ext\eclipselink\org.eclipse.persistence.jpa.jpql_2.5.2.v20140319-9ad6abd.jar;C:\Users\david\Documents\campusresolve\conectores\BootsFaces-OSP-default-1.5.0.jar;C:\Users\david\Documents\NetBeans_JavaSE_Portable\App\netbeans\ide\modules\ext\mysql-connector-java-5.1.23-bin.jar;C:\Users\david\Documents\campusresolve\conectores\mysql-connector-j-8.0.33.jar;C:\Users\david\Downloads\hibernate-validator-4.3.0.Final.jar;C:\Users\david\Downloads\jboss-logging-3.1.0.GA.jar;C:\Users\david\Downloads\validation-api-1.1.0.Final.jar;C:\Users\david\Downloads\junit-4.12.jar;C:\Users\david\Downloads\junit-jupiter-api-5.11.0-RC1.jar;C:\Users\david\Downloads\selenium-chrome-driver-2.26.0.jar;C:\Users\david\Downloads\selenium-java-3.141.59.jar;C:\Users\david\Downloads\selenium-server-standalone-3.141.59.jar;C:\Users\david\Downloads\hamcrest-all-1.3.jar;C:\Users\david\Downloads\json-20210307.jar;C:\Users\david\Documents\campusresolve\build\web\WEB-INF\classes;C:\Users\david\Documents\campusresolve\build\test\classes;C:\Users\david\Documents\Apache Tomcat 8.0.27\lib\annotations-api.jar;C:\Users\david\Documents\Apache Tomcat 8.0.27\lib\catalina-ant.jar;C:\Users\david\Documents\Apache Tomcat 8.0.27\lib\catalina-ha.jar;C:\Users\david\Documents\Apache Tomcat 8.0.27\lib\catalina-storeconfig.jar;C:\Users\david\Documents\Apache Tomcat 8.0.27\lib\catalina-tribes.jar;C:\Users\david\Documents\Apache Tomcat 8.0.27\lib\catalina.jar;C:\Users\david\Documents\Apache Tomcat 8.0.27\lib\ecj-4.4.2.jar;C:\Users\david\Documents\Apache Tomcat 8.0.27\lib\el-api.jar;C:\Users\david\Documents\Apache Tomcat 8.0.27\lib\jasper-el.jar;C:\Users\david\Documents\Apache Tomcat 8.0.27\lib\jasper.jar;C:\Users\david\Documents\Apache Tomcat 8.0.27\lib\jsp-api.jar;C:\Users\david\Documents\Apache Tomcat 8.0.27\lib\mysql-connector-java-5.1.23-bin.jar;C:\Users\david\Documents\Apache Tomcat 8.0.27\lib\servlet-api.jar;C:\Users\david\Documents\Apache Tomcat 8.0.27\lib\tomcat-api.jar;C:\Users\david\Documents\Apache Tomcat 8.0.27\lib\tomcat-coyote.jar;C:\Users\david\Documents\Apache Tomcat 8.0.27\lib\tomcat-dbcp.jar;C:\Users\david\Documents\Apache Tomcat 8.0.27\lib\tomcat-i18n-es.jar;C:\Users\david\Documents\Apache Tomcat 8.0.27\lib\tomcat-i18n-fr.jar;C:\Users\david\Documents\Apache Tomcat 8.0.27\lib\tomcat-i18n-ja.jar;C:\Users\david\Documents\Apache Tomcat 8.0.27\lib\tomcat-jdbc.jar;C:\Users\david\Documents\Apache Tomcat 8.0.27\lib\tomcat-jni.jar;C:\Users\david\Documents\Apache Tomcat 8.0.27\lib\tomcat-util-scan.jar;C:\Users\david\Documents\Apache Tomcat 8.0.27\lib\tomcat-util.jar;C:\Users\david\Documents\Apache Tomcat 8.0.27\lib\tomcat-websocket.jar;C:\Users\david\Documents\Apache Tomcat 8.0.27\lib\websocket-api.jar;C:\Users\david\Downloads\apache-ant-1.10.14\lib\ant-launcher.jar;C:\Users\david\Downloads\apache-ant-1.10.14\lib\ant.jar;C:\Users\david\Downloads\apache-ant-1.10.14\lib\ant-junit.jar;C:\Users\david\Downloads\apache-ant-1.10.14\lib\ant-junit4.jar" />
    <property name="libs.absolutelayout.src" value="" />
    <property name="libs.jpa20-persistence.classpath" value="C:\Users\david\Documents\NetBeans_JavaSE_Portable\App\netbeans\java\modules\ext\eclipselink\javax.persistence_2.1.0.v201304241213.jar" />
    <property name="j2ee.server.type" value="Tomcat" />
    <property name="os.version" value="10.0" />
    <property name="libs.javaee-api-7.0.maven-pom" value="" />
    <property name="sun.desktop" value="windows" />
    <property name="libs.hibernate4-persistence.src" value="" />
    <property name="libs.hibernate4-support.maven-pom" value="" />
    <property name="war.content.additional" value="" />
    <property name="libs.restlib.javadoc" value="" />
    <property name="j2ee.platform.embeddableejb.classpath" value="" />
    <property name="libs.JAXB-ENDORSED.classpath" value="C:\Users\david\Documents\NetBeans_JavaSE_Portable\App\netbeans\ide\modules\ext\jaxb\api\jaxb-api.jar" />
    <property name="libs.javaee-api-7.0.javadoc" value="C:\Users\david\Documents\NetBeans_JavaSE_Portable\App\netbeans\enterprise\docs\javaee-doc-api.jar" />
    <property name="libs.eclipselink.classpath" value="C:\Users\david\Documents\NetBeans_JavaSE_Portable\App\netbeans\java\modules\ext\eclipselink\eclipselink.jar;C:\Users\david\Documents\NetBeans_JavaSE_Portable\App\netbeans\java\modules\ext\eclipselink\javax.persistence_2.1.0.v201304241213.jar;C:\Users\david\Documents\NetBeans_JavaSE_Portable\App\netbeans\java\modules\ext\eclipselink\org.eclipse.persistence.jpa.jpql_2.5.2.v20140319-9ad6abd.jar" />
    <property name="java.awt.graphicsenv" value="sun.awt.Win32GraphicsEnvironment" />
    <property name="libs.beans-binding.javadoc" value="C:\Users\david\Documents\NetBeans_JavaSE_Portable\App\netbeans\java\docs\beansbinding-1.2.1-doc.zip" />
    <property name="java.vm.vendor" value="Oracle Corporation" />
    <property name="libs.CopyLibs.classpath" value="C:\Users\david\Documents\NetBeans_JavaSE_Portable\App\netbeans\java\ant\extra\org-netbeans-modules-java-j2seproject-copylibstask.jar" />
    <property name="libs.spring-framework300.classpath" value="C:\Users\david\Documents\NetBeans_JavaSE_Portable\App\netbeans\ide\modules\org-apache-commons-logging.jar;C:\Users\david\Documents\NetBeans_JavaSE_Portable\App\netbeans\java\modules\ext\cglib-2.2.jar;C:\Users\david\Documents\NetBeans_JavaSE_Portable\App\netbeans\java\modules\ext\spring-3.0\spring-aop-3.2.7.RELEASE.jar;C:\Users\david\Documents\NetBeans_JavaSE_Portable\App\netbeans\java\modules\ext\spring-3.0\spring-aspects-3.2.7.RELEASE.jar;C:\Users\david\Documents\NetBeans_JavaSE_Portable\App\netbeans\java\modules\ext\spring-3.0\spring-beans-3.2.7.RELEASE.jar;C:\Users\david\Documents\NetBeans_JavaSE_Portable\App\netbeans\java\modules\ext\spring-3.0\spring-build-src-3.2.7.RELEASE.jar;C:\Users\david\Documents\NetBeans_JavaSE_Portable\App\netbeans\java\modules\ext\spring-3.0\spring-context-3.2.7.RELEASE.jar;C:\Users\david\Documents\NetBeans_JavaSE_Portable\App\netbeans\java\modules\ext\spring-3.0\spring-context-support-3.2.7.RELEASE.jar;C:\Users\david\Documents\NetBeans_JavaSE_Portable\App\netbeans\java\modules\ext\spring-3.0\spring-core-3.2.7.RELEASE.jar;C:\Users\david\Documents\NetBeans_JavaSE_Portable\App\netbeans\java\modules\ext\spring-3.0\spring-expression-3.2.7.RELEASE.jar;C:\Users\david\Documents\NetBeans_JavaSE_Portable\App\netbeans\java\modules\ext\spring-3.0\spring-framework-bom-3.2.7.RELEASE.jar;C:\Users\david\Documents\NetBeans_JavaSE_Portable\App\netbeans\java\modules\ext\spring-3.0\spring-instrument-3.2.7.RELEASE.jar;C:\Users\david\Documents\NetBeans_JavaSE_Portable\App\netbeans\java\modules\ext\spring-3.0\spring-instrument-tomcat-3.2.7.RELEASE.jar;C:\Users\david\Documents\NetBeans_JavaSE_Portable\App\netbeans\java\modules\ext\spring-3.0\spring-jdbc-3.2.7.RELEASE.jar;C:\Users\david\Documents\NetBeans_JavaSE_Portable\App\netbeans\java\modules\ext\spring-3.0\spring-jms-3.2.7.RELEASE.jar;C:\Users\david\Documents\NetBeans_JavaSE_Portable\App\netbeans\java\modules\ext\spring-3.0\spring-orm-3.2.7.RELEASE.jar;C:\Users\david\Documents\NetBeans_JavaSE_Portable\App\netbeans\java\modules\ext\spring-3.0\spring-oxm-3.2.7.RELEASE.jar;C:\Users\david\Documents\NetBeans_JavaSE_Portable\App\netbeans\java\modules\ext\spring-3.0\spring-struts-3.2.7.RELEASE.jar;C:\Users\david\Documents\NetBeans_JavaSE_Portable\App\netbeans\java\modules\ext\spring-3.0\spring-test-3.2.7.RELEASE.jar;C:\Users\david\Documents\NetBeans_JavaSE_Portable\App\netbeans\java\modules\ext\spring-3.0\spring-tx-3.2.7.RELEASE.jar;C:\Users\david\Documents\NetBeans_JavaSE_Portable\App\netbeans\java\modules\ext\spring-3.0\spring-web-3.2.7.RELEASE.jar;C:\Users\david\Documents\NetBeans_JavaSE_Portable\App\netbeans\java\modules\ext\spring-3.0\spring-webmvc-3.2.7.RELEASE.jar;C:\Users\david\Documents\NetBeans_JavaSE_Portable\App\netbeans\java\modules\ext\spring-3.0\spring-webmvc-portlet-3.2.7.RELEASE.jar" />
    <property name="libs.jsp-compiler.maven-pom" value="" />
    <property name="libs.hamcrest.src" value="" />
    <property name="libs.hibernate4-persistence.classpath" value="C:\Users\david\Documents\NetBeans_JavaSE_Portable\App\netbeans\java\modules\ext\hibernate4\antlr-2.7.7.jar;C:\Users\david\Documents\NetBeans_JavaSE_Portable\App\netbeans\java\modules\ext\hibernate4\c3p0-0.9.2.1.jar;C:\Users\david\Documents\NetBeans_JavaSE_Portable\App\netbeans\java\modules\ext\hibernate4\hibernate-c3p0-4.3.1.Final.jar;C:\Users\david\Documents\NetBeans_JavaSE_Portable\App\netbeans\java\modules\ext\hibernate4\mchange-commons-java-0.2.3.4.jar;C:\Users\david\Documents\NetBeans_JavaSE_Portable\App\netbeans\java\modules\ext\hibernate4\dom4j-1.6.1.jar;C:\Users\david\Documents\NetBeans_JavaSE_Portable\App\netbeans\java\modules\ext\hibernate4\ehcache-core-2.4.3.jar;C:\Users\david\Documents\NetBeans_JavaSE_Portable\App\netbeans\java\modules\ext\hibernate4\hibernate-ehcache-4.3.1.Final.jar;C:\Users\david\Documents\NetBeans_JavaSE_Portable\App\netbeans\java\modules\ext\hibernate4\hibernate-core-4.3.1.Final.jar;C:\Users\david\Documents\NetBeans_JavaSE_Portable\App\netbeans\java\modules\ext\hibernate4\jboss-logging-3.1.3.GA.jar;C:\Users\david\Documents\NetBeans_JavaSE_Portable\App\netbeans\java\modules\ext\hibernate4\hibernate-commons-annotations-4.0.4.Final.jar;C:\Users\david\Documents\NetBeans_JavaSE_Portable\App\netbeans\java\modules\ext\hibernate4\hibernate-entitymanager-4.3.1.Final.jar;C:\Users\david\Documents\NetBeans_JavaSE_Portable\App\netbeans\java\modules\ext\hibernate4\javassist-3.18.1-GA.jar;C:\Users\david\Documents\NetBeans_JavaSE_Portable\App\netbeans\java\modules\ext\hibernate4\jboss-transaction-api_1.2_spec-1.0.0.Final.jar;C:\Users\david\Documents\NetBeans_JavaSE_Portable\App\netbeans\java\modules\ext\hibernate4\slf4j-api-1.6.1.jar;C:\Users\david\Documents\NetBeans_JavaSE_Portable\App\netbeans\java\modules\ext\hibernate4\slf4j-simple-1.6.1.jar;C:\Users\david\Documents\NetBeans_JavaSE_Portable\App\netbeans\java\modules\ext\hibernate4\hibernate-jpa-2.1-api-1.0.0.Final.jar" />
    <property name="libs.JAXB-ENDORSED.src" value="" />
    <property name="dist.archive.excludes" value="" />
    <property name="libs.testng.javadoc" value="C:\Users\david\Documents\NetBeans_JavaSE_Portable\App\netbeans\platform\docs\testng-6.8.1-javadoc.zip" />
    <property name="ant.file.type" value="file" />
    <property name="user.script" value="" />
    <property name="libs.PostgreSQLDriver.classpath" value="C:\Users\david\Documents\NetBeans_JavaSE_Portable\App\netbeans\ide\modules\ext\postgresql-9.4.1209.jar" />
    <property name="libs.jsf12.maven-pom" value="" />
    <property name="libs.hibernate4-persistencemodelgen.classpath" value="C:\Users\david\Documents\NetBeans_JavaSE_Portable\App\netbeans\java\modules\ext\hibernate4\hibernate-jpamodelgen-4.3.1.Final.jar" />
    <property name="annotation.processing.source.output" value="build/generated-sources/ap-source-output" />
    <property name="libs.CopyLibs.src" value="" />
    <property name="build.dir" value="build" />
    <property name="libs.jsp-compilation.classpath" value="C:\Users\david\Documents\NetBeans_JavaSE_Portable\App\netbeans\extide\ant\lib\ant.jar;C:\Users\david\Documents\NetBeans_JavaSE_Portable\App\netbeans\enterprise\modules\ext\servlet3.1-jsp2.3-api.jar;C:\Users\david\Documents\NetBeans_JavaSE_Portable\App\netbeans\enterprise\modules\ext\glassfish-jspparser-4.0.jar;C:\Users\david\Documents\NetBeans_JavaSE_Portable\App\netbeans\enterprise\modules\ext\jsf-2_2\javax.faces.jar;C:\Users\david\Documents\NetBeans_JavaSE_Portable\App\netbeans\enterprise\modules\ext\jstl-api.jar;C:\Users\david\Documents\NetBeans_JavaSE_Portable\App\netbeans\extide\ant\lib\ant-launcher.jar" />
    <property name="selected.browser" value="Chrome" />
    <property name="libs.javaee-api-5.0.classpath" value="C:\Users\david\Documents\NetBeans_JavaSE_Portable\Data\NetBeans\nbi\modules\ext\javaee5.jar" />
    <property name="ant.version" value="Apache Ant(TM) version 1.10.14 compiled on August 16 2023" />
    <property name="file.encoding" value="Cp1252" />
    <property name="build.classes.excludes" value="**/*.java,**/*.form" />
    <property name="jdkBug6558476" value="false" />
    <property name="javadoc.nonavbar" value="false" />
    <property name="libs.spring-webmvc4.0.classpath" value="C:\Users\david\Documents\NetBeans_JavaSE_Portable\App\netbeans\java\modules\ext\spring-4\spring-webmvc-4.0.1.RELEASE.jar" />
    <property name="platform.active" value="default_platform" />
    <property name="awt.toolkit" value="sun.awt.windows.WToolkit" />
    <property name="war.ear.name" value="CampusResolve.war" />
    <property name="libs.javaee-web-api-7.0.javadoc" value="C:\Users\david\Documents\NetBeans_JavaSE_Portable\App\netbeans\enterprise\docs\javaee-doc-api.jar" />
  </properties>
  <testcase classname="com.pdsc.test.LoginUITest" name="testRegistrarUsuarioDadosValidos" time="9.761" />
  <system-out><![CDATA[]]></system-out>
  <system-err><![CDATA[ago 04, 2024 5:48:05 PM org.openqa.selenium.remote.DesiredCapabilities chrome
INFORMAÇÕES: Using `new ChromeOptions()` is preferred to `DesiredCapabilities.chrome()`
Starting ChromeDriver 127.0.6533.88 (a2d0cb026721e4644e489b8ebb07038ca4e4351c-refs/branch-heads/6533@{#1846}) on port 23958
Only local connections are allowed.
Please see https://chromedriver.chromium.org/security-considerations for suggestions on keeping ChromeDriver safe.
ChromeDriver was started successfully.
ago 04, 2024 5:48:07 PM org.openqa.selenium.remote.ProtocolHandshake createSession
INFORMAÇÕES: Detected dialect: W3C
]]></system-err>
</testsuite>
